{"/Users/phone/workspace/pf/server/e2e/helpers/runFlow.ts": {"path":"/Users/phone/workspace/pf/server/e2e/helpers/runFlow.ts","statementMap":{"0":{"start":{"line":15,"column":0},"end":{"line":15,"column":20}},"1":{"start":{"line":16,"column":0},"end":{"line":16,"column":24}},"2":{"start":{"line":17,"column":0},"end":{"line":17,"column":36}},"3":{"start":{"line":18,"column":0},"end":{"line":18,"column":62}},"4":{"start":{"line":19,"column":0},"end":{"line":19,"column":85}},"5":{"start":{"line":20,"column":0},"end":{"line":20,"column":70}},"6":{"start":{"line":21,"column":0},"end":{"line":21,"column":66}},"7":{"start":{"line":49,"column":31},"end":{"line":49,"column":38}},"8":{"start":{"line":52,"column":20},"end":{"line":52,"column":66}},"9":{"start":{"line":53,"column":21},"end":{"line":53,"column":54}},"10":{"start":{"line":54,"column":30},"end":{"line":57,"column":6}},"11":{"start":{"line":60,"column":18},"end":{"line":60,"column":26}},"12":{"start":{"line":61,"column":28},"end":{"line":66,"column":6}},"13":{"start":{"line":69,"column":19},"end":{"line":69,"column":43}},"14":{"start":{"line":70,"column":4},"end":{"line":70,"column":46}},"15":{"start":{"line":71,"column":17},"end":{"line":71,"column":62}},"16":{"start":{"line":73,"column":33},"end":{"line":79,"column":6}},"17":{"start":{"line":82,"column":19},"end":{"line":82,"column":62}},"18":{"start":{"line":84,"column":20},"end":{"line":84,"column":30}},"19":{"start":{"line":85,"column":42},"end":{"line":85,"column":44}},"20":{"start":{"line":87,"column":4},"end":{"line":138,"column":null}},"21":{"start":{"line":88,"column":8},"end":{"line":90,"column":null}},"22":{"start":{"line":89,"column":12},"end":{"line":89,"column":56}},"23":{"start":{"line":93,"column":8},"end":{"line":97,"column":null}},"24":{"start":{"line":94,"column":27},"end":{"line":94,"column":76}},"25":{"start":{"line":95,"column":12},"end":{"line":95,"column":33}},"26":{"start":{"line":96,"column":12},"end":{"line":96,"column":48}},"27":{"start":{"line":96,"column":42},"end":{"line":96,"column":48}},"28":{"start":{"line":99,"column":24},"end":{"line":99,"column":65}},"29":{"start":{"line":99,"column":45},"end":{"line":99,"column":64}},"30":{"start":{"line":102,"column":8},"end":{"line":106,"column":null}},"31":{"start":{"line":103,"column":24},"end":{"line":103,"column":62}},"32":{"start":{"line":104,"column":26},"end":{"line":104,"column":73}},"33":{"start":{"line":105,"column":12},"end":{"line":105,"column":40}},"34":{"start":{"line":105,"column":23},"end":{"line":105,"column":40}},"35":{"start":{"line":108,"column":37},"end":{"line":114,"column":10}},"36":{"start":{"line":117,"column":8},"end":{"line":132,"column":null}},"37":{"start":{"line":118,"column":29},"end":{"line":129,"column":29}},"38":{"start":{"line":119,"column":31},"end":{"line":119,"column":50}},"39":{"start":{"line":121,"column":20},"end":{"line":127,"column":35}},"40":{"start":{"line":131,"column":12},"end":{"line":131,"column":100}},"41":{"start":{"line":134,"column":8},"end":{"line":134,"column":25}},"42":{"start":{"line":136,"column":8},"end":{"line":136,"column":45}},"43":{"start":{"line":137,"column":8},"end":{"line":137,"column":45}},"44":{"start":{"line":48,"column":0},"end":{"line":48,"column":7}}},"fnMap":{"0":{"name":"runFlow","decl":{"start":{"line":48,"column":22},"end":{"line":48,"column":29}},"loc":{"start":{"line":48,"column":53},"end":{"line":139,"column":1}}},"1":{"name":"(anonymous_2)","decl":{"start":{"line":99,"column":38},"end":{"line":99,"column":39}},"loc":{"start":{"line":99,"column":45},"end":{"line":99,"column":64}}},"2":{"name":"(anonymous_3)","decl":{"start":{"line":119,"column":24},"end":{"line":119,"column":25}},"loc":{"start":{"line":119,"column":31},"end":{"line":119,"column":50}}},"3":{"name":"(anonymous_4)","decl":{"start":{"line":120,"column":21},"end":{"line":120,"column":22}},"loc":{"start":{"line":121,"column":20},"end":{"line":127,"column":35}}}},"branchMap":{"0":{"loc":{"start":{"line":52,"column":20},"end":{"line":52,"column":66}},"type":"cond-expr","locations":[{"start":{"line":52,"column":43},"end":{"line":52,"column":46}},{"start":{"line":52,"column":49},"end":{"line":52,"column":66}}]},"1":{"loc":{"start":{"line":88,"column":8},"end":{"line":90,"column":null}},"type":"if","locations":[{"start":{"line":88,"column":8},"end":{"line":90,"column":null}},{"start":{},"end":{}}]},"2":{"loc":{"start":{"line":96,"column":12},"end":{"line":96,"column":48}},"type":"if","locations":[{"start":{"line":96,"column":12},"end":{"line":96,"column":48}},{"start":{},"end":{}}]},"3":{"loc":{"start":{"line":102,"column":8},"end":{"line":106,"column":null}},"type":"if","locations":[{"start":{"line":102,"column":8},"end":{"line":106,"column":null}},{"start":{},"end":{}}]},"4":{"loc":{"start":{"line":105,"column":12},"end":{"line":105,"column":40}},"type":"if","locations":[{"start":{"line":105,"column":12},"end":{"line":105,"column":40}},{"start":{},"end":{}}]},"5":{"loc":{"start":{"line":117,"column":8},"end":{"line":132,"column":null}},"type":"if","locations":[{"start":{"line":117,"column":8},"end":{"line":132,"column":null}},{"start":{},"end":{}}]},"6":{"loc":{"start":{"line":123,"column":24},"end":{"line":123,"column":78}},"type":"cond-expr","locations":[{"start":{"line":123,"column":45},"end":{"line":123,"column":71}},{"start":{"line":123,"column":74},"end":{"line":123,"column":78}}]},"7":{"loc":{"start":{"line":124,"column":24},"end":{"line":124,"column":87}},"type":"cond-expr","locations":[{"start":{"line":124,"column":45},"end":{"line":124,"column":80}},{"start":{"line":124,"column":83},"end":{"line":124,"column":87}}]},"8":{"loc":{"start":{"line":131,"column":37},"end":{"line":131,"column":55}},"type":"cond-expr","locations":[{"start":{"line":131,"column":48},"end":{"line":131,"column":52}},{"start":{"line":131,"column":52},"end":{"line":131,"column":55}}]},"9":{"loc":{"start":{"line":131,"column":37},"end":{"line":131,"column":52}},"type":"binary-expr","locations":[{"start":{"line":131,"column":37},"end":{"line":131,"column":52}},{"start":{"line":131,"column":48},"end":{"line":131,"column":52}}]}},"s":{"0":1,"1":1,"2":1,"3":1,"4":1,"5":1,"6":1,"7":1,"8":1,"9":1,"10":1,"11":1,"12":1,"13":1,"14":1,"15":1,"16":1,"17":1,"18":0,"19":0,"20":0,"21":0,"22":0,"23":0,"24":0,"25":0,"26":0,"27":0,"28":0,"29":0,"30":0,"31":0,"32":0,"33":0,"34":0,"35":0,"36":0,"37":0,"38":0,"39":0,"40":0,"41":0,"42":0,"43":0,"44":1},"f":{"0":1,"1":0,"2":0,"3":0},"b":{"0":[0,1],"1":[0,0],"2":[0,0],"3":[0,0],"4":[0,0],"5":[0,0],"6":[0,0],"7":[0,0],"8":[0,0],"9":[0,0]}}
}
