TN:
SF:e2e/helpers/runFlow.ts
FN:48,runFlow
FN:99,(anonymous_2)
FN:119,(anonymous_3)
FN:120,(anonymous_4)
FNF:4
FNH:1
FNDA:1,runFlow
FNDA:0,(anonymous_2)
FNDA:0,(anonymous_3)
FNDA:0,(anonymous_4)
DA:15,1
DA:16,1
DA:17,1
DA:18,1
DA:19,1
DA:20,1
DA:21,1
DA:48,1
DA:49,1
DA:52,1
DA:53,1
DA:54,1
DA:60,1
DA:61,1
DA:69,1
DA:70,1
DA:71,1
DA:73,1
DA:82,1
DA:84,0
DA:85,0
DA:87,0
DA:88,0
DA:89,0
DA:93,0
DA:94,0
DA:95,0
DA:96,0
DA:99,0
DA:102,0
DA:103,0
DA:104,0
DA:105,0
DA:108,0
DA:117,0
DA:118,0
DA:119,0
DA:121,0
DA:131,0
DA:134,0
DA:136,0
DA:137,0
LF:42
LH:19
BRDA:52,0,0,0
BRDA:52,0,1,1
BRDA:88,1,0,0
BRDA:88,1,1,0
BRDA:96,2,0,0
BRDA:96,2,1,0
BRDA:102,3,0,0
BRDA:102,3,1,0
BRDA:105,4,0,0
BRDA:105,4,1,0
BRDA:117,5,0,0
BRDA:117,5,1,0
BRDA:123,6,0,0
BRDA:123,6,1,0
BRDA:124,7,0,0
BRDA:124,7,1,0
BRDA:131,8,0,0
BRDA:131,8,1,0
BRDA:131,9,0,0
BRDA:131,9,1,0
BRF:20
BRH:1
end_of_record
